{"/home/esteban/Escritorio/Javascript/Game.ts": {"path":"/home/esteban/Escritorio/Javascript/Game.ts","statementMap":{"0":{"start":{"line":2,"column":29},"end":{"line":2,"column":31}},"1":{"start":{"line":3,"column":33},"end":{"line":3,"column":34}},"2":{"start":{"line":7,"column":4},"end":{"line":7,"column":44}},"3":{"start":{"line":11,"column":16},"end":{"line":11,"column":17}},"4":{"start":{"line":12,"column":21},"end":{"line":12,"column":22}},"5":{"start":{"line":14,"column":4},"end":{"line":25,"column":5}},"6":{"start":{"line":14,"column":21},"end":{"line":14,"column":22}},"7":{"start":{"line":15,"column":6},"end":{"line":24,"column":7}},"8":{"start":{"line":16,"column":8},"end":{"line":16,"column":80}},"9":{"start":{"line":17,"column":8},"end":{"line":17,"column":21}},"10":{"start":{"line":18,"column":13},"end":{"line":24,"column":7}},"11":{"start":{"line":19,"column":8},"end":{"line":19,"column":50}},"12":{"start":{"line":20,"column":8},"end":{"line":20,"column":24}},"13":{"start":{"line":22,"column":8},"end":{"line":22,"column":71}},"14":{"start":{"line":23,"column":8},"end":{"line":23,"column":24}},"15":{"start":{"line":27,"column":4},"end":{"line":27,"column":17}}},"fnMap":{"0":{"name":"(anonymous_0)","decl":{"start":{"line":4,"column":2},"end":{"line":4,"column":3}},"loc":{"start":{"line":4,"column":15},"end":{"line":4,"column":17}},"line":4},"1":{"name":"(anonymous_1)","decl":{"start":{"line":6,"column":2},"end":{"line":6,"column":3}},"loc":{"start":{"line":6,"column":21},"end":{"line":8,"column":3}},"line":6},"2":{"name":"(anonymous_2)","decl":{"start":{"line":10,"column":2},"end":{"line":10,"column":3}},"loc":{"start":{"line":10,"column":10},"end":{"line":28,"column":3}},"line":10}},"branchMap":{"0":{"loc":{"start":{"line":15,"column":6},"end":{"line":24,"column":7}},"type":"if","locations":[{"start":{"line":15,"column":6},"end":{"line":24,"column":7}},{"start":{"line":18,"column":13},"end":{"line":24,"column":7}}],"line":15},"1":{"loc":{"start":{"line":18,"column":13},"end":{"line":24,"column":7}},"type":"if","locations":[{"start":{"line":18,"column":13},"end":{"line":24,"column":7}},{"start":{"line":21,"column":13},"end":{"line":24,"column":7}}],"line":18}},"s":{"0":5,"1":5,"2":71,"3":4,"4":4,"5":4,"6":4,"7":40,"8":11,"9":11,"10":29,"11":1,"12":1,"13":28,"14":28,"15":4},"f":{"0":5,"1":71,"2":4},"b":{"0":[11,29],"1":[1,28]},"_coverageSchema":"1a1c01bbd47fc00a2c39e90264f33305004495a9","hash":"c7384a149dd8f0fd191fe7b8e3b1c9c6dc4ba99d"}
}
